wandb: Tracking run with wandb version 0.17.3
wandb: W&B syncing is set to `offline` in this directory.  
wandb: Run `wandb online` or set WANDB_MODE=online to enable cloud syncing.
/home/yongweic/.conda/envs/hypll/lib/python3.10/site-packages/torch/utils/data/dataloader.py:558: UserWarning: This DataLoader will create 8 worker processes in total. Our suggested max number of worker in current system is 2, which is smaller than what this DataLoader is going to create. Please be aware that excessive worker creation might get DataLoader running slow or even freeze, lower the worker number to avoid potential slowness/freeze if necessary.
  warnings.warn(_create_warning_msg(
/home/yongweic/.conda/envs/hypll/lib/python3.10/site-packages/torch/cuda/__init__.py:619: UserWarning: Can't initialize NVML
  warnings.warn("Can't initialize NVML")
/home/yongweic/.conda/envs/hypll/lib/python3.10/site-packages/torch/utils/data/dataloader.py:558: UserWarning: This DataLoader will create 8 worker processes in total. Our suggested max number of worker in current system is 2, which is smaller than what this DataLoader is going to create. Please be aware that excessive worker creation might get DataLoader running slow or even freeze, lower the worker number to avoid potential slowness/freeze if necessary.
  warnings.warn(_create_warning_msg(
{'embedding_dim': 16, 'eval_trials': 100, 'max_steps': 500, 'hyperbolic': False, 'num_epochs': 1024, 'temperature': 0.1, 'batch_size': 128, 'num_negatives': 128, 'learning_rate': 0.001, 'architecture': 'MLP', 'maze': '[[1. 1. 1. ... 1. 1. 1.]\n [1. 1. 1. ... 1. 1. 1.]\n [1. 1. 0. ... 0. 1. 1.]\n ...\n [1. 1. 0. ... 0. 0. 0.]\n [1. 1. 1. ... 0. 0. 0.]\n [1. 1. 1. ... 0. 0. 0.]]', 'num_trajectories': 100000, 'maze_type': 'nested_pyramid', 'gamma': 0.01}
gamma: 0.01
/home/yongweic/hyperbolic/train.py:200: UserWarning: To copy construct from a tensor, it is recommended to use sourceTensor.clone().detach() or sourceTensor.clone().detach().requires_grad_(True), rather than torch.tensor(sourceTensor).
  anchor = torch.tensor(anchor).to(device, torch.float32)
/home/yongweic/hyperbolic/train.py:201: UserWarning: To copy construct from a tensor, it is recommended to use sourceTensor.clone().detach() or sourceTensor.clone().detach().requires_grad_(True), rather than torch.tensor(sourceTensor).
  positive = torch.tensor(positive).to(device, torch.float32)
/home/yongweic/hyperbolic/train.py:202: UserWarning: To copy construct from a tensor, it is recommended to use sourceTensor.clone().detach() or sourceTensor.clone().detach().requires_grad_(True), rather than torch.tensor(sourceTensor).
  negatives = torch.tensor(negatives).to(device, torch.float32)
Epoch 1, Loss: 6.414149319119466, SPL: 0.04313775931126756, Failure %: 0.91
Epoch 2, Loss: 5.983673536564078, SPL: 0.029231542585375456, Failure %: 0.93
Epoch 3, Loss: 5.681666904093359, SPL: 0.018673658039015682, Failure %: 0.97
Epoch 4, Loss: 5.357337119939078, SPL: 0.02851939118249832, Failure %: 0.9
Epoch 5, Loss: 5.186490882693044, SPL: 0.03660848219533244, Failure %: 0.9
Epoch 6, Loss: 5.102306387308613, SPL: 0.038124429723997655, Failure %: 0.9
Epoch 7, Loss: 5.017489447922963, SPL: 0.04706044999311894, Failure %: 0.9
Epoch 8, Loss: 4.942130449787735, SPL: 0.056486017314235124, Failure %: 0.9
Epoch 9, Loss: 4.90787796291244, SPL: 0.029605515955398287, Failure %: 0.92
Epoch 10, Loss: 4.84064975723891, SPL: 0.034658577584328755, Failure %: 0.89
Epoch 11, Loss: 4.785589671805692, SPL: 0.06014799667563591, Failure %: 0.85
Epoch 12, Loss: 4.732659238073832, SPL: 0.06128288181704022, Failure %: 0.83
Epoch 13, Loss: 4.666247037670496, SPL: 0.07266491575986059, Failure %: 0.79
Epoch 14, Loss: 4.617016979495583, SPL: 0.09588677311129079, Failure %: 0.82
Epoch 15, Loss: 4.57116814921884, SPL: 0.06202652978155461, Failure %: 0.85
Epoch 16, Loss: 4.535302618275518, SPL: 0.05097149516451701, Failure %: 0.84
Epoch 17, Loss: 4.481799270185973, SPL: 0.04395035737004508, Failure %: 0.91
Epoch 18, Loss: 4.434658069744744, SPL: 0.07947797158073, Failure %: 0.8
Epoch 19, Loss: 4.398985108451161, SPL: 0.07391381743984785, Failure %: 0.72
Epoch 20, Loss: 4.3584696667273635, SPL: 0.15310404925880666, Failure %: 0.69
Epoch 21, Loss: 4.323333868285275, SPL: 0.08677125255533291, Failure %: 0.77
Epoch 22, Loss: 4.279769284036154, SPL: 0.10688595140849108, Failure %: 0.73
Epoch 23, Loss: 4.250711659336334, SPL: 0.09700788183400119, Failure %: 0.76
Epoch 24, Loss: 4.219762850600436, SPL: 0.11031774749826907, Failure %: 0.68
Epoch 25, Loss: 4.188784017587257, SPL: 0.1304910805973279, Failure %: 0.68
Epoch 26, Loss: 4.155731837158008, SPL: 0.1254559253404286, Failure %: 0.7
Epoch 27, Loss: 4.141914896038182, SPL: 0.06848137859962942, Failure %: 0.77
Epoch 28, Loss: 4.094006048139099, SPL: 0.17843867338500072, Failure %: 0.61
Epoch 29, Loss: 4.077780140635302, SPL: 0.13741314343569339, Failure %: 0.64
Epoch 30, Loss: 4.034358328260729, SPL: 0.08514592615861448, Failure %: 0.77
Epoch 31, Loss: 4.0397257865847225, SPL: 0.14938893859922772, Failure %: 0.66
Epoch 32, Loss: 3.9994624725083257, SPL: 0.11135378697966576, Failure %: 0.69
Epoch 33, Loss: 3.9714782256299577, SPL: 0.1832635642418455, Failure %: 0.53
Epoch 34, Loss: 3.945897564558727, SPL: 0.15891234423674322, Failure %: 0.64
Epoch 35, Loss: 3.963547038605146, SPL: 0.1104736914428361, Failure %: 0.71
Epoch 36, Loss: 3.9148581628604315, SPL: 0.1844767428306865, Failure %: 0.59
Epoch 37, Loss: 3.887942140974352, SPL: 0.1721105609147158, Failure %: 0.63
Epoch 38, Loss: 3.8969383675728917, SPL: 0.19268969918551387, Failure %: 0.55
Epoch 39, Loss: 3.871582354121196, SPL: 0.178349141980124, Failure %: 0.63
Epoch 40, Loss: 3.834649819242375, SPL: 0.15229116016356514, Failure %: 0.64
Epoch 41, Loss: 3.845742557054895, SPL: 0.17905431907184, Failure %: 0.61
Epoch 42, Loss: 3.8106540746396154, SPL: 0.16728611664181067, Failure %: 0.64
Epoch 43, Loss: 3.8083449181388405, SPL: 0.24222706850279163, Failure %: 0.49
Epoch 44, Loss: 3.7745009331447084, SPL: 0.19322579539871415, Failure %: 0.59
Epoch 45, Loss: 3.7621137876339885, SPL: 0.23231211505437785, Failure %: 0.51
Epoch 46, Loss: 3.7580161009298263, SPL: 0.17687882388024384, Failure %: 0.6
Epoch 47, Loss: 3.7519301066313253, SPL: 0.23692053951309316, Failure %: 0.47
Epoch 48, Loss: 3.7334473739804515, SPL: 0.20093815481000704, Failure %: 0.52
Epoch 49, Loss: 3.7170182304918917, SPL: 0.17886711416139814, Failure %: 0.63
Epoch 50, Loss: 3.7166122643234174, SPL: 0.18239175430160767, Failure %: 0.63
Epoch 51, Loss: 3.707551982701587, SPL: 0.17324860828668526, Failure %: 0.54
Epoch 52, Loss: 3.7054073844114535, SPL: 0.19326470611704255, Failure %: 0.62
Epoch 53, Loss: 3.6910066665590877, SPL: 0.22212590605529248, Failure %: 0.53
Epoch 54, Loss: 3.6755039719364526, SPL: 0.13289741016718426, Failure %: 0.72
Epoch 55, Loss: 3.688137741344969, SPL: 0.1908979058411334, Failure %: 0.52
Epoch 56, Loss: 3.682569459271248, SPL: 0.2248253685210795, Failure %: 0.53
Epoch 57, Loss: 3.6583297502659167, SPL: 0.20395685207356262, Failure %: 0.51
Epoch 58, Loss: 3.657109997156636, SPL: 0.23228510174870798, Failure %: 0.46
Epoch 59, Loss: 3.6443289335426465, SPL: 0.22896255155429682, Failure %: 0.52
Epoch 60, Loss: 3.6700424035186963, SPL: 0.25686370320557733, Failure %: 0.42
