wandb: Tracking run with wandb version 0.17.3
wandb: W&B syncing is set to `offline` in this directory.  
wandb: Run `wandb online` or set WANDB_MODE=online to enable cloud syncing.
/home/yongweic/.conda/envs/hypll/lib/python3.10/site-packages/torch/utils/data/dataloader.py:558: UserWarning: This DataLoader will create 8 worker processes in total. Our suggested max number of worker in current system is 2, which is smaller than what this DataLoader is going to create. Please be aware that excessive worker creation might get DataLoader running slow or even freeze, lower the worker number to avoid potential slowness/freeze if necessary.
  warnings.warn(_create_warning_msg(
/home/yongweic/.conda/envs/hypll/lib/python3.10/site-packages/torch/cuda/__init__.py:619: UserWarning: Can't initialize NVML
  warnings.warn("Can't initialize NVML")
/home/yongweic/.conda/envs/hypll/lib/python3.10/site-packages/torch/utils/data/dataloader.py:558: UserWarning: This DataLoader will create 8 worker processes in total. Our suggested max number of worker in current system is 2, which is smaller than what this DataLoader is going to create. Please be aware that excessive worker creation might get DataLoader running slow or even freeze, lower the worker number to avoid potential slowness/freeze if necessary.
  warnings.warn(_create_warning_msg(
blank maze
{'batch_size': 32, 'embedding_dim': 64, 'eval_trials': 100, 'max_steps': 100, 'hyperbolic': False, 'num_epochs': 8, 'temperature': 0.1, 'num_negatives': 11, 'learning_rate': 0.001, 'architecture': 'MLP', 'maze': '[[0. 0. 0. 0. 0. 0. 0. 0. 0. 0.]\n [0. 0. 0. 0. 0. 0. 0. 0. 0. 0.]\n [0. 0. 0. 0. 0. 0. 0. 0. 0. 0.]\n [0. 0. 0. 0. 0. 0. 0. 0. 0. 0.]\n [0. 0. 0. 0. 0. 0. 0. 0. 0. 0.]\n [0. 0. 0. 0. 0. 0. 0. 0. 0. 0.]\n [0. 0. 0. 0. 0. 0. 0. 0. 0. 0.]\n [0. 0. 0. 0. 0. 0. 0. 0. 0. 0.]\n [0. 0. 0. 0. 0. 0. 0. 0. 0. 0.]\n [0. 0. 0. 0. 0. 0. 0. 0. 0. 0.]]', 'num_trajectories': 10000, 'maze_type': 'blank'}
/home/yongweic/hyperbolic/train.py:179: UserWarning: To copy construct from a tensor, it is recommended to use sourceTensor.clone().detach() or sourceTensor.clone().detach().requires_grad_(True), rather than torch.tensor(sourceTensor).
  anchor = torch.tensor(anchor).to(device, torch.float32)
/home/yongweic/hyperbolic/train.py:180: UserWarning: To copy construct from a tensor, it is recommended to use sourceTensor.clone().detach() or sourceTensor.clone().detach().requires_grad_(True), rather than torch.tensor(sourceTensor).
  positive = torch.tensor(positive).to(device, torch.float32)
/home/yongweic/hyperbolic/train.py:181: UserWarning: To copy construct from a tensor, it is recommended to use sourceTensor.clone().detach() or sourceTensor.clone().detach().requires_grad_(True), rather than torch.tensor(sourceTensor).
  negatives = torch.tensor(negatives).to(device, torch.float32)
Epoch 1, Loss: 4.976672157311973, SPL: 0.06611247947454844, Failure %: 0.9
Epoch 2, Loss: 4.8709534288595275, SPL: 0.06542161134529402, Failure %: 0.85
Epoch 3, Loss: 4.860198551092666, SPL: 0.03717274884824794, Failure %: 0.92
Epoch 4, Loss: 4.846892469607222, SPL: 0.06591710307311331, Failure %: 0.88
Epoch 5, Loss: 4.843590846076941, SPL: 0.04698564622754527, Failure %: 0.9
Epoch 6, Loss: 4.837267142896073, SPL: 0.05418161453363572, Failure %: 0.89
Epoch 7, Loss: 4.833287272590418, SPL: 0.0570227559043012, Failure %: 0.89
Epoch 8, Loss: 4.828696113805801, SPL: 0.09569923051187688, Failure %: 0.88
Traceback (most recent call last):
  File "/home/yongweic/hyperbolic/train.py", line 253, in <module>
    main()
  File "/home/yongweic/hyperbolic/train.py", line 250, in main
    save_models(encoder1, encoder2, best_encoder1, best_encoder2, epoch + 1, best_epoch, experiment_name)
  File "/home/yongweic/hyperbolic/train.py", line 108, in save_models
    torch.save(best_encoder1.state_dict(), f'models/{name}_best_encoder1_epoch_{best_epoch}.pth')
AttributeError: 'collections.OrderedDict' object has no attribute 'state_dict'
wandb: 
wandb: Run history:
wandb: epoch ▁▂▃▄▅▆▇█
wandb:  fail ▆▁█▄▆▅▅▄
wandb:  loss █▃▂▂▂▁▁▁
wandb:   spl ▄▄▁▄▂▃▃█
wandb: 
wandb: Run summary:
wandb: epoch 8
wandb:  fail 0.88
wandb:  loss 4.8287
wandb:   spl 0.0957
wandb: 
wandb: You can sync this run to the cloud by running:
wandb: wandb sync /home/yongweic/hyperbolic/wandb/offline-run-20240627_112540-7zsz97kj
wandb: Find logs at: ./wandb/offline-run-20240627_112540-7zsz97kj/logs
wandb: WARNING The new W&B backend becomes opt-out in version 0.18.0; try it out with `wandb.require("core")`! See https://wandb.me/wandb-core for more information.
